<?xml version="1.0" encoding="UTF-8"?>
<!-- Generated by org.testng.reporters.JUnitReportReporter -->
<testsuite hostname="LAPTOP-INMNTR7E" failures="0" tests="3" name="runner.CreateLeadRunner" time="58.517" errors="0" timestamp="2025-01-11T09:08:39 EST" skipped="0">
  <testcase classname="runner.CreateLeadRunner" name="runCreateAccount" time="19.548"/>
  <system-out/>
  <testcase classname="runner.CreateLeadRunner" name="runCreateAccount" time="19.703"/>
  <system-out/>
  <testcase classname="runner.CreateLeadRunner" name="runCreateAccount" time="19.266"/>
  <system-out/>
</testsuite> <!-- runner.CreateLeadRunner -->
