<?xml version="1.0" encoding="UTF-8"?>
<!-- Generated by org.testng.reporters.JUnitReportReporter -->
<testsuite hostname="LAPTOP-INMNTR7E" failures="0" tests="2" name="runner.LoginRunner" time="26.241" errors="0" timestamp="2025-01-07T17:49:08 EST" skipped="0">
  <testcase classname="runner.LoginRunner" name="runLogin" time="13.716"/>
  <system-out/>
  <testcase classname="runner.LoginRunner" name="runLogin" time="12.525"/>
  <system-out/>
</testsuite> <!-- runner.LoginRunner -->
