<?xml version="1.0" encoding="UTF-8"?>
<!-- Generated by org.testng.reporters.JUnitReportReporter -->
<testsuite hostname="LAPTOP-INMNTR7E" failures="0" tests="2" name="testcases.TC_002_LogoutPage" time="17.880" errors="0" timestamp="2024-12-24T05:05:51 EST" skipped="0">
  <testcase classname="testcases.TC_002_LogoutPage" name="runLoginTest" time="9.433"/>
  <system-out/>
  <testcase classname="testcases.TC_002_LogoutPage" name="runLoginTest" time="8.447"/>
  <system-out/>
</testsuite> <!-- testcases.TC_002_LogoutPage -->
