<?xml version="1.0" encoding="UTF-8"?>
<!-- Generated by org.testng.reporters.JUnitReportReporter -->
<testsuite hostname="LAPTOP-INMNTR7E" failures="0" tests="3" name="runner.CreateLeadRunner" time="65.389" errors="0" timestamp="2025-01-10T06:36:28 EST" skipped="0">
  <testcase classname="runner.CreateLeadRunner" name="runCreateAccount" time="19.445"/>
  <system-out/>
  <testcase classname="runner.CreateLeadRunner" name="runCreateAccount" time="24.794"/>
  <system-out/>
  <testcase classname="runner.CreateLeadRunner" name="runCreateAccount" time="21.150"/>
  <system-out/>
</testsuite> <!-- runner.CreateLeadRunner -->
