<?xml version="1.0" encoding="UTF-8"?>
<!-- Generated by org.testng.reporters.JUnitReportReporter -->
<testsuite hostname="LAPTOP-INMNTR7E" failures="0" tests="2" name="testcases.TC_001_LoginPage" time="23.069" errors="0" timestamp="2024-12-24T05:05:51 EST" skipped="0">
  <testcase classname="testcases.TC_001_LoginPage" name="runLoginTest" time="12.860"/>
  <system-out/>
  <testcase classname="testcases.TC_001_LoginPage" name="runLoginTest" time="10.209"/>
  <system-out/>
</testsuite> <!-- testcases.TC_001_LoginPage -->
